<?xml version="1.0" encoding="UTF-8"?>
<!-- Generated by org.testng.reporters.JUnitReportReporter -->
<testsuite hostname="DESKTOP-A40FTSL" failures="0" tests="1" name="SetUpUtils.Basetest" time="9.616" errors="0" timestamp="2024-06-05T11:44:12 IST" skipped="0">
  <testcase classname="SetUpUtils.Basetest" name="launchBrowser" time="9.616"/>
</testsuite> <!-- SetUpUtils.Basetest -->
