<?xml version="1.0" encoding="UTF-8"?>
<!-- Generated by org.testng.reporters.JUnitReportReporter -->
<testsuite hostname="DESKTOP-A40FTSL" failures="0" tests="1" name="Base.Basetest" time="10.383" errors="0" timestamp="2024-06-03T11:09:57 IST" skipped="0">
  <testcase classname="Base.Basetest" name="launchBrowser" time="10.383"/>
</testsuite> <!-- Base.Basetest -->
