<?xml version="1.0" encoding="UTF-8"?>
<!-- Generated by org.testng.reporters.JUnitReportReporter -->
<testsuite hostname="DESKTOP-A40FTSL" failures="0" tests="1" name="Base.GeneralStoreTest" time="37.818" errors="0" timestamp="2024-05-30T19:08:38 IST" skipped="0">
  <testcase classname="Base.GeneralStoreTest" name="FillForm" time="37.818"/>
</testsuite> <!-- Base.GeneralStoreTest -->
