<?xml version="1.0" encoding="UTF-8"?>
<!-- Generated by org.testng.reporters.JUnitReportReporter -->
<testsuite hostname="DESKTOP-A40FTSL" failures="0" tests="2" name="Base.GeneralStroreTest_2" time="86.172" errors="0" timestamp="2024-06-05T15:52:30 IST" skipped="0">
  <testcase classname="Base.GeneralStroreTest_2" name="fillform_2" time="43.335"/>
  <testcase classname="Base.GeneralStroreTest_2" name="fillform_2" time="42.837"/>
</testsuite> <!-- Base.GeneralStroreTest_2 -->
