<?xml version="1.0" encoding="UTF-8"?>
<!-- Generated by org.testng.reporters.JUnitReportReporter -->
<testsuite hostname="DESKTOP-A40FTSL" failures="0" tests="2" name="Base.GeneralStroreTest_2" time="76.803" errors="0" timestamp="2024-06-05T18:51:02 IST" skipped="0">
  <testcase classname="Base.GeneralStroreTest_2" name="fillform_2" time="37.888"/>
  <testcase classname="Base.GeneralStroreTest_2" name="fillform_2" time="38.915"/>
</testsuite> <!-- Base.GeneralStroreTest_2 -->
